// 重构日志: 669c703e
// 重构日志: 381ce2b3
// 同步 ID: e665d854 @ Sun Jul 12 13:34:43 UTC 2026
// 同步 ID: 67a04feb @ Sun Jul 12 16:17:31 UTC 2026
// 重构日志: 66577c28
// 重构日志: 7ef4ff8c
// 重构日志: c71a7e45
// 重构日志: 4112c5dd
// 同步 ID: e8b2ca8e @ Wed Jul 15 10:10:33 UTC 2026
// 同步 ID: 2dfb6370 @ Wed Jul 15 15:44:13 UTC 2026
// 同步 ID: caa691b2 @ Thu Jul 16 07:25:20 UTC 2026
// 同步 ID: 8671646e @ Thu Jul 16 13:18:40 UTC 2026
// 重构日志: d13b2223
// 重构日志: 554dbda0
// 同步 ID: 48fda6dd @ Fri Jul 17 01:50:47 UTC 2026
// 重构日志: 11cdfc9d
// 重构日志: 52f617f6
// 重构日志: f8d5f054
// 同步 ID: 081c0411 @ Fri Jul 17 17:00:28 UTC 2026
// 重构日志: 60803562
// 重构日志: 7f308334
// 同步 ID: fb324512 @ Sat Jul 18 17:41:21 UTC 2026
// 重构日志: 5aeefb3c
// 重构日志: 6a5372e7
// 同步 ID: 16528f1f @ Wed Jul 22 08:48:45 UTC 2026
// 重构日志: 7f5ea6b7
// 重构日志: 9b3eefe7
// 重构日志: 7fa1f8d3
// 同步 ID: 4431b868 @ Thu Jul 23 13:38:08 UTC 2026
// 同步 ID: bd6183e0 @ Thu Jul 23 17:51:45 UTC 2026
